<?xml version="1.0" encoding="UTF-8"?>
<robot generator="Robot 4.1.3 (Python 3.10.1 on win32)" generated="20211223 19:05:15.722" rpa="false" schemaversion="2">
<suite id="s1" name="Front Office" source="C:\PyCharmProjects\level1\tests\Front_Office.robot">
<test id="s1-t1" name="Should be able to access &quot;Team&quot; page">
<kw name="Begin Web Test" library="CommonWeb" type="SETUP">
<kw name="Open Browser" library="SeleniumLibrary">
<arg>about:blank</arg>
<arg>${BROWSER}</arg>
<doc>Opens a new browser instance to the optional ``url``.</doc>
<msg timestamp="20211223 19:05:15.894" level="INFO">Opening browser 'firefox' to base url 'about:blank'.</msg>
<msg timestamp="20211223 19:05:15.895" level="INFO">Firefox driver log is always forced to to: C:\PyCharmProjects\results\geckodriver-9.log</msg>
<status status="PASS" starttime="20211223 19:05:15.894" endtime="20211223 19:05:21.049"/>
</kw>
<status status="PASS" starttime="20211223 19:05:15.893" endtime="20211223 19:05:21.049"/>
</kw>
<kw name="Go to Landing Page" library="FrontOfficeApp">
<kw name="Navigate To" library="Landing">
<kw name="Go To" library="SeleniumLibrary">
<arg>${URL}</arg>
<doc>Navigates the current browser window to the provided ``url``.</doc>
<msg timestamp="20211223 19:05:21.050" level="INFO">Opening url 'http://www.robotframeworktutorial.com/front-office'</msg>
<status status="PASS" starttime="20211223 19:05:21.050" endtime="20211223 19:05:23.956"/>
</kw>
<status status="PASS" starttime="20211223 19:05:21.050" endtime="20211223 19:05:23.956"/>
</kw>
<kw name="Verify Page Loaded" library="Landing">
<kw name="Wait Until Page Contains Element" library="SeleniumLibrary">
<arg>${LANDING_NAVIGATION_ELEMENT}</arg>
<doc>Waits until the element ``locator`` appears on the current page.</doc>
<status status="PASS" starttime="20211223 19:05:23.956" endtime="20211223 19:05:23.965"/>
</kw>
<status status="PASS" starttime="20211223 19:05:23.956" endtime="20211223 19:05:23.965"/>
</kw>
<status status="PASS" starttime="20211223 19:05:21.050" endtime="20211223 19:05:23.965"/>
</kw>
<kw name="Go to &quot;Team&quot; Page" library="FrontOfficeApp">
<kw name="Select &quot;Team&quot; Page" library="TopNav">
<kw name="Click Element" library="SeleniumLibrary">
<arg>${TOP_NAV_TEAM_LINK}</arg>
<doc>Click the element identified by ``locator``.</doc>
<msg timestamp="20211223 19:05:23.966" level="INFO">Clicking element 'css=#bs-example-navbar-collapse-1 &gt; ul &gt; li:nth-child(5) &gt; a'.</msg>
<status status="PASS" starttime="20211223 19:05:23.966" endtime="20211223 19:05:24.198"/>
</kw>
<kw name="Sleep" library="BuiltIn">
<arg>3s</arg>
<doc>Pauses the test executed for the given time.</doc>
<msg timestamp="20211223 19:05:27.199" level="INFO">Slept 3 seconds</msg>
<status status="PASS" starttime="20211223 19:05:24.198" endtime="20211223 19:05:27.199"/>
</kw>
<status status="PASS" starttime="20211223 19:05:23.966" endtime="20211223 19:05:27.199"/>
</kw>
<kw name="Verify Page Loaded" library="Team">
<kw name="Wait Until Page Contains Element" library="SeleniumLibrary">
<arg>${TEAM_HEADER_LABEL}</arg>
<doc>Waits until the element ``locator`` appears on the current page.</doc>
<status status="PASS" starttime="20211223 19:05:27.199" endtime="20211223 19:05:27.202"/>
</kw>
<status status="PASS" starttime="20211223 19:05:27.199" endtime="20211223 19:05:27.202"/>
</kw>
<status status="PASS" starttime="20211223 19:05:23.965" endtime="20211223 19:05:27.203"/>
</kw>
<kw name="End Web Test" library="CommonWeb" type="TEARDOWN">
<kw name="Close All Browsers" library="SeleniumLibrary">
<doc>Closes all open browsers and resets the browser cache.</doc>
<status status="PASS" starttime="20211223 19:05:27.203" endtime="20211223 19:05:27.705"/>
</kw>
<status status="PASS" starttime="20211223 19:05:27.203" endtime="20211223 19:05:27.705"/>
</kw>
<doc>This is test 1</doc>
<tag>test1</tag>
<status status="PASS" starttime="20211223 19:05:15.893" endtime="20211223 19:05:27.705"/>
</test>
<test id="s1-t2" name="&quot;Team&quot; page should match requirements">
<kw name="Begin Web Test" library="CommonWeb" type="SETUP">
<kw name="Open Browser" library="SeleniumLibrary">
<arg>about:blank</arg>
<arg>${BROWSER}</arg>
<doc>Opens a new browser instance to the optional ``url``.</doc>
<msg timestamp="20211223 19:05:27.707" level="INFO">Opening browser 'firefox' to base url 'about:blank'.</msg>
<msg timestamp="20211223 19:05:27.707" level="INFO">Firefox driver log is always forced to to: C:\PyCharmProjects\results\geckodriver-10.log</msg>
<status status="PASS" starttime="20211223 19:05:27.707" endtime="20211223 19:05:32.875"/>
</kw>
<status status="PASS" starttime="20211223 19:05:27.706" endtime="20211223 19:05:32.875"/>
</kw>
<kw name="Go to Landing Page" library="FrontOfficeApp">
<kw name="Navigate To" library="Landing">
<kw name="Go To" library="SeleniumLibrary">
<arg>${URL}</arg>
<doc>Navigates the current browser window to the provided ``url``.</doc>
<msg timestamp="20211223 19:05:32.877" level="INFO">Opening url 'http://www.robotframeworktutorial.com/front-office'</msg>
<status status="PASS" starttime="20211223 19:05:32.876" endtime="20211223 19:05:35.679"/>
</kw>
<status status="PASS" starttime="20211223 19:05:32.876" endtime="20211223 19:05:35.679"/>
</kw>
<kw name="Verify Page Loaded" library="Landing">
<kw name="Wait Until Page Contains Element" library="SeleniumLibrary">
<arg>${LANDING_NAVIGATION_ELEMENT}</arg>
<doc>Waits until the element ``locator`` appears on the current page.</doc>
<status status="PASS" starttime="20211223 19:05:35.679" endtime="20211223 19:05:35.687"/>
</kw>
<status status="PASS" starttime="20211223 19:05:35.679" endtime="20211223 19:05:35.687"/>
</kw>
<status status="PASS" starttime="20211223 19:05:32.875" endtime="20211223 19:05:35.687"/>
</kw>
<kw name="Go to &quot;Team&quot; Page" library="FrontOfficeApp">
<kw name="Select &quot;Team&quot; Page" library="TopNav">
<kw name="Click Element" library="SeleniumLibrary">
<arg>${TOP_NAV_TEAM_LINK}</arg>
<doc>Click the element identified by ``locator``.</doc>
<msg timestamp="20211223 19:05:35.688" level="INFO">Clicking element 'css=#bs-example-navbar-collapse-1 &gt; ul &gt; li:nth-child(5) &gt; a'.</msg>
<status status="PASS" starttime="20211223 19:05:35.688" endtime="20211223 19:05:35.922"/>
</kw>
<kw name="Sleep" library="BuiltIn">
<arg>3s</arg>
<doc>Pauses the test executed for the given time.</doc>
<msg timestamp="20211223 19:05:38.925" level="INFO">Slept 3 seconds</msg>
<status status="PASS" starttime="20211223 19:05:35.922" endtime="20211223 19:05:38.925"/>
</kw>
<status status="PASS" starttime="20211223 19:05:35.687" endtime="20211223 19:05:38.926"/>
</kw>
<kw name="Verify Page Loaded" library="Team">
<kw name="Wait Until Page Contains Element" library="SeleniumLibrary">
<arg>${TEAM_HEADER_LABEL}</arg>
<doc>Waits until the element ``locator`` appears on the current page.</doc>
<status status="PASS" starttime="20211223 19:05:38.927" endtime="20211223 19:05:38.933"/>
</kw>
<status status="PASS" starttime="20211223 19:05:38.926" endtime="20211223 19:05:38.933"/>
</kw>
<status status="PASS" starttime="20211223 19:05:35.687" endtime="20211223 19:05:38.933"/>
</kw>
<kw name="Validate &quot;Team&quot; Page" library="FrontOfficeApp">
<kw name="Validate Page Contents" library="Team">
<kw name="Get Text" library="SeleniumLibrary">
<var>${ElementText}</var>
<arg>${TEAM_HEADER_LABEL}</arg>
<doc>Returns the text value of the element identified by ``locator``.</doc>
<msg timestamp="20211223 19:05:38.944" level="INFO">${ElementText} = OUR AMAZING TEAM</msg>
<status status="PASS" starttime="20211223 19:05:38.933" endtime="20211223 19:05:38.944"/>
</kw>
<kw name="Should Be Equal As Strings" library="BuiltIn">
<arg>${ElementText}</arg>
<arg>Our Amazing Team</arg>
<arg>ignore_case=true</arg>
<doc>Fails if objects are unequal after converting them to strings.</doc>
<status status="PASS" starttime="20211223 19:05:38.944" endtime="20211223 19:05:38.944"/>
</kw>
<status status="PASS" starttime="20211223 19:05:38.933" endtime="20211223 19:05:38.944"/>
</kw>
<status status="PASS" starttime="20211223 19:05:38.933" endtime="20211223 19:05:38.944"/>
</kw>
<kw name="End Web Test" library="CommonWeb" type="TEARDOWN">
<kw name="Close All Browsers" library="SeleniumLibrary">
<doc>Closes all open browsers and resets the browser cache.</doc>
<status status="PASS" starttime="20211223 19:05:38.945" endtime="20211223 19:05:39.431"/>
</kw>
<status status="PASS" starttime="20211223 19:05:38.945" endtime="20211223 19:05:39.431"/>
</kw>
<doc>This is test 2</doc>
<tag>test2</tag>
<status status="PASS" starttime="20211223 19:05:27.706" endtime="20211223 19:05:39.431"/>
</test>
<doc>Talk about what this suite of tests does</doc>
<status status="PASS" starttime="20211223 19:05:15.724" endtime="20211223 19:05:39.432"/>
</suite>
<statistics>
<total>
<stat pass="2" fail="0" skip="0">All Tests</stat>
</total>
<tag>
<stat pass="1" fail="0" skip="0">test1</stat>
<stat pass="1" fail="0" skip="0">test2</stat>
</tag>
<suite>
<stat pass="2" fail="0" skip="0" id="s1" name="Front Office">Front Office</stat>
</suite>
</statistics>
<errors>
</errors>
</robot>
